{"/Users/Marko/Desktop/centrepoint/src/helpers/userHelper.js":{"path":"/Users/Marko/Desktop/centrepoint/src/helpers/userHelper.js","s":{"1":1,"2":1,"3":1,"4":1,"5":1,"6":1,"7":1,"8":1,"9":0},"b":{},"f":{"1":1,"2":1,"3":0},"fnMap":{"1":{"name":"(anonymous_1)","line":1,"loc":{"start":{"line":1,"column":25},"end":{"line":1,"column":52}}},"2":{"name":"(anonymous_2)","line":7,"loc":{"start":{"line":7,"column":30},"end":{"line":7,"column":52}}},"3":{"name":"(anonymous_3)","line":12,"loc":{"start":{"line":12,"column":29},"end":{"line":12,"column":51}}}},"statementMap":{"1":{"start":{"line":1,"column":0},"end":{"line":5,"column":2}},"2":{"start":{"line":2,"column":2},"end":{"line":2,"column":37}},"3":{"start":{"line":3,"column":2},"end":{"line":3,"column":51}},"4":{"start":{"line":4,"column":2},"end":{"line":4,"column":14}},"5":{"start":{"line":7,"column":0},"end":{"line":10,"column":2}},"6":{"start":{"line":8,"column":2},"end":{"line":8,"column":46}},"7":{"start":{"line":9,"column":2},"end":{"line":9,"column":77}},"8":{"start":{"line":12,"column":0},"end":{"line":14,"column":2}},"9":{"start":{"line":13,"column":2},"end":{"line":13,"column":73}}},"branchMap":{}},"/Users/Marko/Desktop/centrepoint/src/helpers/phoneHelper.js":{"path":"/Users/Marko/Desktop/centrepoint/src/helpers/phoneHelper.js","s":{"1":1,"2":4,"3":4,"4":4,"5":2,"6":4,"7":4,"8":4,"9":4},"b":{"1":[2,2]},"f":{"1":4},"fnMap":{"1":{"name":"(anonymous_1)","line":1,"loc":{"start":{"line":1,"column":30},"end":{"line":1,"column":46}}}},"statementMap":{"1":{"start":{"line":1,"column":0},"end":{"line":11,"column":1}},"2":{"start":{"line":2,"column":2},"end":{"line":2,"column":40}},"3":{"start":{"line":3,"column":2},"end":{"line":3,"column":35}},"4":{"start":{"line":4,"column":2},"end":{"line":6,"column":3}},"5":{"start":{"line":5,"column":4},"end":{"line":5,"column":45}},"6":{"start":{"line":7,"column":2},"end":{"line":7,"column":38}},"7":{"start":{"line":8,"column":2},"end":{"line":8,"column":31}},"8":{"start":{"line":9,"column":2},"end":{"line":9,"column":23}},"9":{"start":{"line":10,"column":2},"end":{"line":10,"column":17}}},"branchMap":{"1":{"line":4,"type":"if","locations":[{"start":{"line":4,"column":2},"end":{"line":4,"column":2}},{"start":{"line":4,"column":2},"end":{"line":4,"column":2}}]}}},"/Users/Marko/Desktop/centrepoint/src/server.js":{"path":"/Users/Marko/Desktop/centrepoint/src/server.js","s":{"1":1,"2":1,"3":1,"4":1,"5":1,"6":1,"7":1,"8":1,"9":1,"10":1,"11":1,"12":1,"13":1,"14":0,"15":1,"16":1,"17":1,"18":1,"19":1},"b":{"1":[1,1],"2":[0,1]},"f":{},"fnMap":{},"statementMap":{"1":{"start":{"line":3,"column":0},"end":{"line":3,"column":29}},"2":{"start":{"line":4,"column":0},"end":{"line":4,"column":25}},"3":{"start":{"line":5,"column":0},"end":{"line":5,"column":29}},"4":{"start":{"line":7,"column":0},"end":{"line":7,"column":31}},"5":{"start":{"line":8,"column":0},"end":{"line":8,"column":33}},"6":{"start":{"line":9,"column":0},"end":{"line":9,"column":41}},"7":{"start":{"line":10,"column":0},"end":{"line":10,"column":47}},"8":{"start":{"line":11,"column":0},"end":{"line":11,"column":44}},"9":{"start":{"line":12,"column":0},"end":{"line":12,"column":59}},"10":{"start":{"line":14,"column":0},"end":{"line":14,"column":33}},"11":{"start":{"line":16,"column":0},"end":{"line":22,"column":3}},"12":{"start":{"line":24,"column":0},"end":{"line":37,"column":3}},"13":{"start":{"line":25,"column":2},"end":{"line":25,"column":21}},"14":{"start":{"line":25,"column":11},"end":{"line":25,"column":21}},"15":{"start":{"line":26,"column":2},"end":{"line":34,"column":5}},"16":{"start":{"line":35,"column":2},"end":{"line":35,"column":50}},"17":{"start":{"line":36,"column":2},"end":{"line":36,"column":23}},"18":{"start":{"line":39,"column":0},"end":{"line":44,"column":2}},"19":{"start":{"line":46,"column":0},"end":{"line":46,"column":24}}},"branchMap":{"1":{"line":17,"type":"binary-expr","locations":[{"start":{"line":17,"column":8},"end":{"line":17,"column":24}},{"start":{"line":17,"column":28},"end":{"line":17,"column":32}}]},"2":{"line":25,"type":"if","locations":[{"start":{"line":25,"column":2},"end":{"line":25,"column":2}},{"start":{"line":25,"column":2},"end":{"line":25,"column":2}}]}}},"/Users/Marko/Desktop/centrepoint/src/routes/index.js":{"path":"/Users/Marko/Desktop/centrepoint/src/routes/index.js","s":{"1":1},"b":{},"f":{},"fnMap":{},"statementMap":{"1":{"start":{"line":1,"column":0},"end":{"line":14,"column":15}}},"branchMap":{}},"/Users/Marko/Desktop/centrepoint/src/routes/landing.js":{"path":"/Users/Marko/Desktop/centrepoint/src/routes/landing.js","s":{"1":1,"2":1},"b":{},"f":{},"fnMap":{},"statementMap":{"1":{"start":{"line":1,"column":0},"end":{"line":7,"column":2}},"2":{"start":{"line":5,"column":4},"end":{"line":5,"column":43}}},"branchMap":{}},"/Users/Marko/Desktop/centrepoint/src/routes/static.js":{"path":"/Users/Marko/Desktop/centrepoint/src/routes/static.js","s":{"1":1},"b":{},"f":{},"fnMap":{},"statementMap":{"1":{"start":{"line":1,"column":0},"end":{"line":9,"column":2}}},"branchMap":{}},"/Users/Marko/Desktop/centrepoint/src/routes/login.js":{"path":"/Users/Marko/Desktop/centrepoint/src/routes/login.js","s":{"1":1,"2":1,"3":1,"4":1,"5":1,"6":1,"7":0,"8":0,"9":0,"10":0,"11":0,"12":0,"13":0,"14":0,"15":0,"16":0,"17":0,"18":0,"19":0,"20":0,"21":0,"22":0},"b":{"1":[0,0],"2":[0,0],"3":[0,0],"4":[0,0],"5":[0,0]},"f":{"1":0,"2":0},"fnMap":{"1":{"name":"(anonymous_1)","line":18,"loc":{"start":{"line":18,"column":33},"end":{"line":18,"column":53}}},"2":{"name":"(anonymous_2)","line":31,"loc":{"start":{"line":31,"column":32},"end":{"line":31,"column":53}}}},"statementMap":{"1":{"start":{"line":1,"column":0},"end":{"line":1,"column":57}},"2":{"start":{"line":2,"column":0},"end":{"line":2,"column":55}},"3":{"start":{"line":3,"column":0},"end":{"line":3,"column":54}},"4":{"start":{"line":4,"column":0},"end":{"line":4,"column":52}},"5":{"start":{"line":5,"column":0},"end":{"line":5,"column":57}},"6":{"start":{"line":7,"column":0},"end":{"line":41,"column":2}},"7":{"start":{"line":11,"column":4},"end":{"line":11,"column":32}},"8":{"start":{"line":12,"column":4},"end":{"line":16,"column":5}},"9":{"start":{"line":13,"column":6},"end":{"line":15,"column":9}},"10":{"start":{"line":17,"column":4},"end":{"line":17,"column":40}},"11":{"start":{"line":18,"column":4},"end":{"line":39,"column":7}},"12":{"start":{"line":19,"column":6},"end":{"line":23,"column":7}},"13":{"start":{"line":20,"column":8},"end":{"line":22,"column":11}},"14":{"start":{"line":24,"column":6},"end":{"line":29,"column":7}},"15":{"start":{"line":25,"column":8},"end":{"line":27,"column":9}},"16":{"start":{"line":26,"column":10},"end":{"line":26,"column":46}},"17":{"start":{"line":28,"column":8},"end":{"line":28,"column":39}},"18":{"start":{"line":30,"column":6},"end":{"line":30,"column":51}},"19":{"start":{"line":31,"column":6},"end":{"line":38,"column":9}},"20":{"start":{"line":32,"column":8},"end":{"line":36,"column":9}},"21":{"start":{"line":33,"column":10},"end":{"line":35,"column":13}},"22":{"start":{"line":37,"column":8},"end":{"line":37,"column":39}}},"branchMap":{"1":{"line":12,"type":"if","locations":[{"start":{"line":12,"column":4},"end":{"line":12,"column":4}},{"start":{"line":12,"column":4},"end":{"line":12,"column":4}}]},"2":{"line":19,"type":"if","locations":[{"start":{"line":19,"column":6},"end":{"line":19,"column":6}},{"start":{"line":19,"column":6},"end":{"line":19,"column":6}}]},"3":{"line":24,"type":"if","locations":[{"start":{"line":24,"column":6},"end":{"line":24,"column":6}},{"start":{"line":24,"column":6},"end":{"line":24,"column":6}}]},"4":{"line":25,"type":"if","locations":[{"start":{"line":25,"column":8},"end":{"line":25,"column":8}},{"start":{"line":25,"column":8},"end":{"line":25,"column":8}}]},"5":{"line":32,"type":"if","locations":[{"start":{"line":32,"column":8},"end":{"line":32,"column":8}},{"start":{"line":32,"column":8},"end":{"line":32,"column":8}}]}}},"/Users/Marko/Desktop/centrepoint/src/helpers/errorHelper.js":{"path":"/Users/Marko/Desktop/centrepoint/src/helpers/errorHelper.js","s":{"1":1},"b":{},"f":{},"fnMap":{},"statementMap":{"1":{"start":{"line":1,"column":0},"end":{"line":5,"column":1}}},"branchMap":{}},"/Users/Marko/Desktop/centrepoint/src/helpers/yotiHelper.js":{"path":"/Users/Marko/Desktop/centrepoint/src/helpers/yotiHelper.js","s":{"1":1,"2":1,"3":1,"4":1,"5":1,"6":1,"7":1,"8":1,"9":1,"10":1,"11":1,"12":1,"13":0,"14":0,"15":0,"16":0,"17":0,"18":0,"19":0,"20":0,"21":0,"22":0},"b":{"1":[0,0],"2":[0,0]},"f":{"1":0,"2":0},"fnMap":{"1":{"name":"(anonymous_1)","line":16,"loc":{"start":{"line":16,"column":17},"end":{"line":16,"column":44}}},"2":{"name":"(anonymous_2)","line":21,"loc":{"start":{"line":21,"column":32},"end":{"line":21,"column":57}}}},"statementMap":{"1":{"start":{"line":1,"column":0},"end":{"line":1,"column":25}},"2":{"start":{"line":2,"column":0},"end":{"line":2,"column":29}},"3":{"start":{"line":4,"column":0},"end":{"line":4,"column":28}},"4":{"start":{"line":5,"column":0},"end":{"line":5,"column":20}},"5":{"start":{"line":7,"column":0},"end":{"line":7,"column":44}},"6":{"start":{"line":8,"column":0},"end":{"line":8,"column":38}},"7":{"start":{"line":9,"column":0},"end":{"line":9,"column":92}},"8":{"start":{"line":10,"column":0},"end":{"line":10,"column":54}},"9":{"start":{"line":12,"column":0},"end":{"line":12,"column":54}},"10":{"start":{"line":13,"column":0},"end":{"line":13,"column":52}},"11":{"start":{"line":14,"column":0},"end":{"line":14,"column":56}},"12":{"start":{"line":16,"column":0},"end":{"line":34,"column":2}},"13":{"start":{"line":17,"column":2},"end":{"line":33,"column":5}},"14":{"start":{"line":20,"column":4},"end":{"line":20,"column":51}},"15":{"start":{"line":21,"column":4},"end":{"line":30,"column":7}},"16":{"start":{"line":22,"column":6},"end":{"line":24,"column":7}},"17":{"start":{"line":23,"column":8},"end":{"line":23,"column":44}},"18":{"start":{"line":25,"column":6},"end":{"line":28,"column":7}},"19":{"start":{"line":26,"column":8},"end":{"line":26,"column":27}},"20":{"start":{"line":27,"column":8},"end":{"line":27,"column":36}},"21":{"start":{"line":29,"column":6},"end":{"line":29,"column":27}},"22":{"start":{"line":32,"column":4},"end":{"line":32,"column":37}}},"branchMap":{"1":{"line":22,"type":"if","locations":[{"start":{"line":22,"column":6},"end":{"line":22,"column":6}},{"start":{"line":22,"column":6},"end":{"line":22,"column":6}}]},"2":{"line":25,"type":"if","locations":[{"start":{"line":25,"column":6},"end":{"line":25,"column":6}},{"start":{"line":25,"column":6},"end":{"line":25,"column":6}}]}}},"/Users/Marko/Desktop/centrepoint/src/database/tables/users.js":{"path":"/Users/Marko/Desktop/centrepoint/src/database/tables/users.js","s":{"1":1,"2":1,"3":0,"4":0,"5":1,"6":0,"7":0,"8":1,"9":0,"10":0,"11":1,"12":0,"13":0,"14":0},"b":{"1":[0,0],"2":[0,0],"3":[0,0],"4":[0,0]},"f":{},"fnMap":{},"statementMap":{"1":{"start":{"line":1,"column":0},"end":{"line":1,"column":40}},"2":{"start":{"line":3,"column":0},"end":{"line":8,"column":2}},"3":{"start":{"line":4,"column":2},"end":{"line":7,"column":7}},"4":{"start":{"line":6,"column":6},"end":{"line":6,"column":35}},"5":{"start":{"line":10,"column":0},"end":{"line":14,"column":2}},"6":{"start":{"line":11,"column":2},"end":{"line":13,"column":5}},"7":{"start":{"line":12,"column":4},"end":{"line":12,"column":47}},"8":{"start":{"line":16,"column":0},"end":{"line":20,"column":2}},"9":{"start":{"line":17,"column":2},"end":{"line":19,"column":5}},"10":{"start":{"line":18,"column":4},"end":{"line":18,"column":44}},"11":{"start":{"line":22,"column":0},"end":{"line":28,"column":2}},"12":{"start":{"line":23,"column":2},"end":{"line":23,"column":20}},"13":{"start":{"line":24,"column":2},"end":{"line":27,"column":7}},"14":{"start":{"line":26,"column":6},"end":{"line":26,"column":41}}},"branchMap":{"1":{"line":6,"type":"cond-expr","locations":[{"start":{"line":6,"column":14},"end":{"line":6,"column":23}},{"start":{"line":6,"column":26},"end":{"line":6,"column":34}}]},"2":{"line":12,"type":"cond-expr","locations":[{"start":{"line":12,"column":12},"end":{"line":12,"column":21}},{"start":{"line":12,"column":24},"end":{"line":12,"column":46}}]},"3":{"line":18,"type":"cond-expr","locations":[{"start":{"line":18,"column":12},"end":{"line":18,"column":21}},{"start":{"line":18,"column":24},"end":{"line":18,"column":43}}]},"4":{"line":26,"type":"cond-expr","locations":[{"start":{"line":26,"column":14},"end":{"line":26,"column":23}},{"start":{"line":26,"column":26},"end":{"line":26,"column":40}}]}}},"/Users/Marko/Desktop/centrepoint/src/database/connection.js":{"path":"/Users/Marko/Desktop/centrepoint/src/database/connection.js","s":{"1":1,"2":1,"3":1,"4":1,"5":1,"6":0,"7":1,"8":1,"9":1,"10":1,"11":1,"12":1,"13":1,"14":1,"15":1},"b":{"1":[0,1],"2":[1,0],"3":[1,0],"4":[1,0]},"f":{},"fnMap":{},"statementMap":{"1":{"start":{"line":1,"column":0},"end":{"line":1,"column":31}},"2":{"start":{"line":2,"column":0},"end":{"line":2,"column":27}},"3":{"start":{"line":4,"column":0},"end":{"line":4,"column":28}},"4":{"start":{"line":5,"column":0},"end":{"line":5,"column":20}},"5":{"start":{"line":7,"column":0},"end":{"line":7,"column":84}},"6":{"start":{"line":7,"column":25},"end":{"line":7,"column":84}},"7":{"start":{"line":9,"column":0},"end":{"line":9,"column":45}},"8":{"start":{"line":10,"column":0},"end":{"line":10,"column":52}},"9":{"start":{"line":12,"column":0},"end":{"line":17,"column":2}},"10":{"start":{"line":19,"column":0},"end":{"line":19,"column":38}},"11":{"start":{"line":19,"column":14},"end":{"line":19,"column":38}},"12":{"start":{"line":20,"column":0},"end":{"line":20,"column":42}},"13":{"start":{"line":20,"column":14},"end":{"line":20,"column":42}},"14":{"start":{"line":21,"column":0},"end":{"line":21,"column":45}},"15":{"start":{"line":23,"column":0},"end":{"line":23,"column":35}}},"branchMap":{"1":{"line":7,"type":"if","locations":[{"start":{"line":7,"column":0},"end":{"line":7,"column":0}},{"start":{"line":7,"column":0},"end":{"line":7,"column":0}}]},"2":{"line":16,"type":"binary-expr","locations":[{"start":{"line":16,"column":7},"end":{"line":16,"column":37}},{"start":{"line":16,"column":41},"end":{"line":16,"column":42}}]},"3":{"line":19,"type":"if","locations":[{"start":{"line":19,"column":0},"end":{"line":19,"column":0}},{"start":{"line":19,"column":0},"end":{"line":19,"column":0}}]},"4":{"line":20,"type":"if","locations":[{"start":{"line":20,"column":0},"end":{"line":20,"column":0}},{"start":{"line":20,"column":0},"end":{"line":20,"column":0}}]}}},"/Users/Marko/Desktop/centrepoint/src/routes/info.js":{"path":"/Users/Marko/Desktop/centrepoint/src/routes/info.js","s":{"1":1,"2":1,"3":1,"4":0,"5":0},"b":{},"f":{},"fnMap":{},"statementMap":{"1":{"start":{"line":1,"column":0},"end":{"line":1,"column":63}},"2":{"start":{"line":2,"column":0},"end":{"line":2,"column":52}},"3":{"start":{"line":4,"column":0},"end":{"line":19,"column":2}},"4":{"start":{"line":15,"column":6},"end":{"line":15,"column":71}},"5":{"start":{"line":16,"column":6},"end":{"line":16,"column":47}}},"branchMap":{}},"/Users/Marko/Desktop/centrepoint/src/helpers/authMiddleware.js":{"path":"/Users/Marko/Desktop/centrepoint/src/helpers/authMiddleware.js","s":{"1":1,"2":1,"3":1,"4":0,"5":0,"6":0,"7":0,"8":0,"9":0,"10":0},"b":{"1":[0,0],"2":[0,0]},"f":{"1":0,"2":0},"fnMap":{"1":{"name":"(anonymous_1)","line":4,"loc":{"start":{"line":4,"column":17},"end":{"line":4,"column":39}}},"2":{"name":"(anonymous_2)","line":11,"loc":{"start":{"line":11,"column":31},"end":{"line":11,"column":51}}}},"statementMap":{"1":{"start":{"line":1,"column":0},"end":{"line":1,"column":57}},"2":{"start":{"line":2,"column":0},"end":{"line":2,"column":55}},"3":{"start":{"line":4,"column":0},"end":{"line":19,"column":2}},"4":{"start":{"line":5,"column":2},"end":{"line":5,"column":40}},"5":{"start":{"line":6,"column":2},"end":{"line":10,"column":3}},"6":{"start":{"line":7,"column":4},"end":{"line":9,"column":7}},"7":{"start":{"line":11,"column":2},"end":{"line":18,"column":5}},"8":{"start":{"line":12,"column":4},"end":{"line":16,"column":5}},"9":{"start":{"line":13,"column":6},"end":{"line":15,"column":9}},"10":{"start":{"line":17,"column":4},"end":{"line":17,"column":16}}},"branchMap":{"1":{"line":6,"type":"if","locations":[{"start":{"line":6,"column":2},"end":{"line":6,"column":2}},{"start":{"line":6,"column":2},"end":{"line":6,"column":2}}]},"2":{"line":12,"type":"if","locations":[{"start":{"line":12,"column":4},"end":{"line":12,"column":4}},{"start":{"line":12,"column":4},"end":{"line":12,"column":4}}]}}},"/Users/Marko/Desktop/centrepoint/src/routes/submit.js":{"path":"/Users/Marko/Desktop/centrepoint/src/routes/submit.js","s":{"1":1,"2":1,"3":1,"4":1,"5":0,"6":0,"7":0,"8":0},"b":{"1":[0,0]},"f":{},"fnMap":{},"statementMap":{"1":{"start":{"line":1,"column":0},"end":{"line":1,"column":63}},"2":{"start":{"line":2,"column":0},"end":{"line":2,"column":60}},"3":{"start":{"line":3,"column":0},"end":{"line":3,"column":57}},"4":{"start":{"line":5,"column":0},"end":{"line":26,"column":2}},"5":{"start":{"line":16,"column":6},"end":{"line":23,"column":9}},"6":{"start":{"line":17,"column":8},"end":{"line":21,"column":9}},"7":{"start":{"line":18,"column":10},"end":{"line":20,"column":13}},"8":{"start":{"line":22,"column":8},"end":{"line":22,"column":31}}},"branchMap":{"1":{"line":17,"type":"if","locations":[{"start":{"line":17,"column":8},"end":{"line":17,"column":8}},{"start":{"line":17,"column":8},"end":{"line":17,"column":8}}]}}},"/Users/Marko/Desktop/centrepoint/src/database/tables/requests.js":{"path":"/Users/Marko/Desktop/centrepoint/src/database/tables/requests.js","s":{"1":1,"2":1,"3":0,"4":0,"5":0,"6":1,"7":0,"8":0,"9":0,"10":0,"11":0,"12":1,"13":0,"14":0,"15":1,"16":0,"17":0},"b":{"1":[0,0],"2":[0,0],"3":[0,0],"4":[0,0],"5":[0,0]},"f":{},"fnMap":{},"statementMap":{"1":{"start":{"line":1,"column":0},"end":{"line":1,"column":40}},"2":{"start":{"line":3,"column":0},"end":{"line":10,"column":2}},"3":{"start":{"line":4,"column":2},"end":{"line":4,"column":23}},"4":{"start":{"line":5,"column":2},"end":{"line":9,"column":7}},"5":{"start":{"line":8,"column":6},"end":{"line":8,"column":35}},"6":{"start":{"line":12,"column":0},"end":{"line":20,"column":2}},"7":{"start":{"line":13,"column":2},"end":{"line":13,"column":115}},"8":{"start":{"line":14,"column":2},"end":{"line":14,"column":189}},"9":{"start":{"line":15,"column":2},"end":{"line":15,"column":115}},"10":{"start":{"line":16,"column":2},"end":{"line":19,"column":7}},"11":{"start":{"line":18,"column":6},"end":{"line":18,"column":46}},"12":{"start":{"line":22,"column":0},"end":{"line":27,"column":2}},"13":{"start":{"line":23,"column":2},"end":{"line":26,"column":7}},"14":{"start":{"line":25,"column":6},"end":{"line":25,"column":35}},"15":{"start":{"line":29,"column":0},"end":{"line":34,"column":2}},"16":{"start":{"line":30,"column":2},"end":{"line":33,"column":7}},"17":{"start":{"line":32,"column":6},"end":{"line":32,"column":35}}},"branchMap":{"1":{"line":8,"type":"cond-expr","locations":[{"start":{"line":8,"column":14},"end":{"line":8,"column":23}},{"start":{"line":8,"column":26},"end":{"line":8,"column":34}}]},"2":{"line":18,"type":"cond-expr","locations":[{"start":{"line":18,"column":14},"end":{"line":18,"column":23}},{"start":{"line":18,"column":26},"end":{"line":18,"column":45}}]},"3":{"line":25,"type":"cond-expr","locations":[{"start":{"line":25,"column":14},"end":{"line":25,"column":23}},{"start":{"line":25,"column":26},"end":{"line":25,"column":34}}]},"4":{"line":30,"type":"cond-expr","locations":[{"start":{"line":30,"column":116},"end":{"line":30,"column":120}},{"start":{"line":30,"column":123},"end":{"line":30,"column":136}}]},"5":{"line":32,"type":"cond-expr","locations":[{"start":{"line":32,"column":14},"end":{"line":32,"column":23}},{"start":{"line":32,"column":26},"end":{"line":32,"column":34}}]}}},"/Users/Marko/Desktop/centrepoint/src/routes/new-admin.js":{"path":"/Users/Marko/Desktop/centrepoint/src/routes/new-admin.js","s":{"1":1,"2":1,"3":1,"4":1,"5":0},"b":{},"f":{},"fnMap":{},"statementMap":{"1":{"start":{"line":1,"column":0},"end":{"line":1,"column":62}},"2":{"start":{"line":2,"column":0},"end":{"line":2,"column":62}},"3":{"start":{"line":3,"column":0},"end":{"line":3,"column":57}},"4":{"start":{"line":5,"column":0},"end":{"line":19,"column":2}},"5":{"start":{"line":16,"column":6},"end":{"line":16,"column":30}}},"branchMap":{}},"/Users/Marko/Desktop/centrepoint/src/routes/submit-admin.js":{"path":"/Users/Marko/Desktop/centrepoint/src/routes/submit-admin.js","s":{"1":1,"2":1,"3":1,"4":1,"5":1,"6":1,"7":0,"8":0,"9":0,"10":0,"11":0,"12":0,"13":0,"14":0,"15":0},"b":{"1":[0,0],"2":[0,0],"3":[0,0]},"f":{},"fnMap":{},"statementMap":{"1":{"start":{"line":1,"column":0},"end":{"line":1,"column":63}},"2":{"start":{"line":2,"column":0},"end":{"line":2,"column":57}},"3":{"start":{"line":3,"column":0},"end":{"line":3,"column":55}},"4":{"start":{"line":4,"column":0},"end":{"line":4,"column":57}},"5":{"start":{"line":5,"column":0},"end":{"line":5,"column":57}},"6":{"start":{"line":7,"column":0},"end":{"line":33,"column":2}},"7":{"start":{"line":18,"column":6},"end":{"line":18,"column":78}},"8":{"start":{"line":19,"column":6},"end":{"line":19,"column":22}},"9":{"start":{"line":21,"column":6},"end":{"line":29,"column":9}},"10":{"start":{"line":22,"column":8},"end":{"line":27,"column":9}},"11":{"start":{"line":23,"column":10},"end":{"line":23,"column":84}},"12":{"start":{"line":24,"column":10},"end":{"line":24,"column":36}},"13":{"start":{"line":25,"column":15},"end":{"line":27,"column":9}},"14":{"start":{"line":26,"column":10},"end":{"line":26,"column":58}},"15":{"start":{"line":28,"column":8},"end":{"line":28,"column":40}}},"branchMap":{"1":{"line":22,"type":"if","locations":[{"start":{"line":22,"column":8},"end":{"line":22,"column":8}},{"start":{"line":22,"column":8},"end":{"line":22,"column":8}}]},"2":{"line":22,"type":"binary-expr","locations":[{"start":{"line":22,"column":11},"end":{"line":22,"column":14}},{"start":{"line":22,"column":18},"end":{"line":22,"column":37}}]},"3":{"line":25,"type":"if","locations":[{"start":{"line":25,"column":15},"end":{"line":25,"column":15}},{"start":{"line":25,"column":15},"end":{"line":25,"column":15}}]}}},"/Users/Marko/Desktop/centrepoint/src/helpers/capsHelper.js":{"path":"/Users/Marko/Desktop/centrepoint/src/helpers/capsHelper.js","s":{"1":1,"2":0,"3":0,"4":0},"b":{},"f":{"1":0},"fnMap":{"1":{"name":"(anonymous_1)","line":1,"loc":{"start":{"line":1,"column":25},"end":{"line":1,"column":41}}}},"statementMap":{"1":{"start":{"line":1,"column":0},"end":{"line":9,"column":2}},"2":{"start":{"line":2,"column":2},"end":{"line":6,"column":3}},"3":{"start":{"line":7,"column":2},"end":{"line":7,"column":23}},"4":{"start":{"line":8,"column":2},"end":{"line":8,"column":17}}},"branchMap":{}},"/Users/Marko/Desktop/centrepoint/src/routes/dashboard.js":{"path":"/Users/Marko/Desktop/centrepoint/src/routes/dashboard.js","s":{"1":1,"2":1,"3":1,"4":1,"5":1,"6":1,"7":1,"8":1,"9":1,"10":0,"11":0,"12":0,"13":0,"14":0,"15":0,"16":0,"17":0,"18":0,"19":0,"20":0,"21":0,"22":0,"23":0,"24":0,"25":0,"26":0,"27":0},"b":{"1":[0,0],"2":[0,0],"3":[0,0],"4":[0,0]},"f":{"1":0,"2":0,"3":0,"4":0},"fnMap":{"1":{"name":"(anonymous_1)","line":22,"loc":{"start":{"line":22,"column":30},"end":{"line":22,"column":60}}},"2":{"name":"(anonymous_2)","line":29,"loc":{"start":{"line":29,"column":56},"end":{"line":29,"column":74}}},"3":{"name":"(anonymous_3)","line":37,"loc":{"start":{"line":37,"column":35},"end":{"line":37,"column":61}}},"4":{"name":"(anonymous_4)","line":43,"loc":{"start":{"line":43,"column":51},"end":{"line":43,"column":67}}}},"statementMap":{"1":{"start":{"line":1,"column":0},"end":{"line":1,"column":63}},"2":{"start":{"line":2,"column":0},"end":{"line":2,"column":63}},"3":{"start":{"line":3,"column":0},"end":{"line":3,"column":57}},"4":{"start":{"line":4,"column":0},"end":{"line":4,"column":55}},"5":{"start":{"line":5,"column":0},"end":{"line":5,"column":61}},"6":{"start":{"line":6,"column":0},"end":{"line":6,"column":56}},"7":{"start":{"line":7,"column":0},"end":{"line":7,"column":57}},"8":{"start":{"line":8,"column":0},"end":{"line":8,"column":55}},"9":{"start":{"line":10,"column":0},"end":{"line":63,"column":2}},"10":{"start":{"line":21,"column":6},"end":{"line":60,"column":7}},"11":{"start":{"line":22,"column":8},"end":{"line":55,"column":11}},"12":{"start":{"line":23,"column":10},"end":{"line":27,"column":11}},"13":{"start":{"line":24,"column":12},"end":{"line":26,"column":15}},"14":{"start":{"line":28,"column":10},"end":{"line":28,"column":69}},"15":{"start":{"line":29,"column":10},"end":{"line":36,"column":13}},"16":{"start":{"line":30,"column":12},"end":{"line":30,"column":75}},"17":{"start":{"line":31,"column":12},"end":{"line":34,"column":13}},"18":{"start":{"line":32,"column":14},"end":{"line":32,"column":81}},"19":{"start":{"line":33,"column":14},"end":{"line":33,"column":82}},"20":{"start":{"line":35,"column":12},"end":{"line":35,"column":27}},"21":{"start":{"line":37,"column":10},"end":{"line":54,"column":13}},"22":{"start":{"line":38,"column":12},"end":{"line":42,"column":13}},"23":{"start":{"line":39,"column":14},"end":{"line":41,"column":17}},"24":{"start":{"line":43,"column":12},"end":{"line":49,"column":15}},"25":{"start":{"line":44,"column":14},"end":{"line":48,"column":15}},"26":{"start":{"line":50,"column":12},"end":{"line":53,"column":15}},"27":{"start":{"line":57,"column":8},"end":{"line":59,"column":11}}},"branchMap":{"1":{"line":21,"type":"if","locations":[{"start":{"line":21,"column":6},"end":{"line":21,"column":6}},{"start":{"line":21,"column":6},"end":{"line":21,"column":6}}]},"2":{"line":23,"type":"if","locations":[{"start":{"line":23,"column":10},"end":{"line":23,"column":10}},{"start":{"line":23,"column":10},"end":{"line":23,"column":10}}]},"3":{"line":31,"type":"if","locations":[{"start":{"line":31,"column":12},"end":{"line":31,"column":12}},{"start":{"line":31,"column":12},"end":{"line":31,"column":12}}]},"4":{"line":38,"type":"if","locations":[{"start":{"line":38,"column":12},"end":{"line":38,"column":12}},{"start":{"line":38,"column":12},"end":{"line":38,"column":12}}]}}},"/Users/Marko/Desktop/centrepoint/src/helpers/requestHelper.js":{"path":"/Users/Marko/Desktop/centrepoint/src/helpers/requestHelper.js","s":{"1":1,"2":0,"3":0},"b":{},"f":{"1":0},"fnMap":{"1":{"name":"(anonymous_1)","line":1,"loc":{"start":{"line":1,"column":30},"end":{"line":1,"column":48}}}},"statementMap":{"1":{"start":{"line":1,"column":0},"end":{"line":4,"column":2}},"2":{"start":{"line":2,"column":2},"end":{"line":2,"column":70}},"3":{"start":{"line":3,"column":2},"end":{"line":3,"column":21}}},"branchMap":{}},"/Users/Marko/Desktop/centrepoint/src/helpers/dateHelper.js":{"path":"/Users/Marko/Desktop/centrepoint/src/helpers/dateHelper.js","s":{"1":1,"2":0,"3":0,"4":0,"5":0},"b":{},"f":{"1":0,"2":0},"fnMap":{"1":{"name":"(anonymous_1)","line":1,"loc":{"start":{"line":1,"column":25},"end":{"line":1,"column":50}}},"2":{"name":"(anonymous_2)","line":2,"loc":{"start":{"line":2,"column":27},"end":{"line":2,"column":47}}}},"statementMap":{"1":{"start":{"line":1,"column":0},"end":{"line":7,"column":2}},"2":{"start":{"line":2,"column":2},"end":{"line":6,"column":5}},"3":{"start":{"line":3,"column":4},"end":{"line":3,"column":79}},"4":{"start":{"line":4,"column":4},"end":{"line":4,"column":79}},"5":{"start":{"line":5,"column":4},"end":{"line":5,"column":20}}},"branchMap":{}},"/Users/Marko/Desktop/centrepoint/src/routes/status.js":{"path":"/Users/Marko/Desktop/centrepoint/src/routes/status.js","s":{"1":1,"2":1,"3":1,"4":1,"5":0,"6":0,"7":0,"8":0,"9":0},"b":{"1":[0,0]},"f":{"1":0},"fnMap":{"1":{"name":"(anonymous_1)","line":20,"loc":{"start":{"line":20,"column":41},"end":{"line":20,"column":62}}}},"statementMap":{"1":{"start":{"line":1,"column":0},"end":{"line":1,"column":62}},"2":{"start":{"line":2,"column":0},"end":{"line":2,"column":62}},"3":{"start":{"line":3,"column":0},"end":{"line":3,"column":57}},"4":{"start":{"line":5,"column":0},"end":{"line":30,"column":2}},"5":{"start":{"line":16,"column":6},"end":{"line":19,"column":8}},"6":{"start":{"line":20,"column":6},"end":{"line":27,"column":9}},"7":{"start":{"line":21,"column":8},"end":{"line":25,"column":9}},"8":{"start":{"line":22,"column":10},"end":{"line":24,"column":13}},"9":{"start":{"line":26,"column":8},"end":{"line":26,"column":37}}},"branchMap":{"1":{"line":21,"type":"if","locations":[{"start":{"line":21,"column":8},"end":{"line":21,"column":8}},{"start":{"line":21,"column":8},"end":{"line":21,"column":8}}]}}},"/Users/Marko/Desktop/centrepoint/src/routes/assign.js":{"path":"/Users/Marko/Desktop/centrepoint/src/routes/assign.js","s":{"1":1,"2":1,"3":1,"4":1,"5":0,"6":0,"7":0,"8":0,"9":0},"b":{"1":[0,0]},"f":{"1":0},"fnMap":{"1":{"name":"(anonymous_1)","line":20,"loc":{"start":{"line":20,"column":43},"end":{"line":20,"column":64}}}},"statementMap":{"1":{"start":{"line":1,"column":0},"end":{"line":1,"column":62}},"2":{"start":{"line":2,"column":0},"end":{"line":2,"column":62}},"3":{"start":{"line":3,"column":0},"end":{"line":3,"column":57}},"4":{"start":{"line":5,"column":0},"end":{"line":30,"column":2}},"5":{"start":{"line":16,"column":6},"end":{"line":19,"column":8}},"6":{"start":{"line":20,"column":6},"end":{"line":27,"column":9}},"7":{"start":{"line":21,"column":8},"end":{"line":25,"column":9}},"8":{"start":{"line":22,"column":10},"end":{"line":24,"column":13}},"9":{"start":{"line":26,"column":8},"end":{"line":26,"column":37}}},"branchMap":{"1":{"line":21,"type":"if","locations":[{"start":{"line":21,"column":8},"end":{"line":21,"column":8}},{"start":{"line":21,"column":8},"end":{"line":21,"column":8}}]}}},"/Users/Marko/Desktop/centrepoint/src/routes/logout.js":{"path":"/Users/Marko/Desktop/centrepoint/src/routes/logout.js","s":{"1":1,"2":0,"3":0},"b":{},"f":{},"fnMap":{},"statementMap":{"1":{"start":{"line":1,"column":0},"end":{"line":13,"column":2}},"2":{"start":{"line":9,"column":6},"end":{"line":9,"column":29}},"3":{"start":{"line":10,"column":6},"end":{"line":10,"column":26}}},"branchMap":{}},"/Users/Marko/Desktop/centrepoint/src/routes/error.js":{"path":"/Users/Marko/Desktop/centrepoint/src/routes/error.js","s":{"1":1,"2":1},"b":{},"f":{},"fnMap":{},"statementMap":{"1":{"start":{"line":1,"column":0},"end":{"line":9,"column":2}},"2":{"start":{"line":5,"column":6},"end":{"line":7,"column":19}}},"branchMap":{}}}